Using pre-set license
Built from '2021.1/staging' branch; Version is '2021.1.22f1 (a137e5fb0427) revision 10565605'; Using compiler version '192528614'; Build Type 'Release'
OS: 'Windows 10 Pro; OS build 19042.1237; Version 2009; 64bit' Language: 'zh' Physical Memory: 16289 MB
BatchMode: 1, IsHumanControllingUs: 0, StartBugReporterOnCrash: 0, Is64bit: 1, IsPro: 0

COMMAND LINE ARGUMENTS:
C:\Program Files\Unity\Hub\Editor\2021.1.22f1\Editor\Unity.exe
-adb2
-batchMode
-noUpm
-name
AssetImportWorker0
-projectPath
C:/Users/Zelin/Desktop/GameStudio/GAMESTUDIO
-logFile
Logs/AssetImportWorker0.log
-srvPort
50204
Successfully changed project path to: C:/Users/Zelin/Desktop/GameStudio/GAMESTUDIO
C:/Users/Zelin/Desktop/GameStudio/GAMESTUDIO
Using Asset Import Pipeline V2.
Refreshing native plugins compatible for Editor in 36.64 ms, found 2 plugins.
Preloading 0 native plugins for Editor in 0.00 ms.
Initialize engine version: 2021.1.22f1 (a137e5fb0427)
[Subsystems] Discovering subsystems at path C:/Program Files/Unity/Hub/Editor/2021.1.22f1/Editor/Data/Resources/UnitySubsystems
[Subsystems] Discovering subsystems at path C:/Users/Zelin/Desktop/GameStudio/GAMESTUDIO/Assets
GfxDevice: creating device client; threaded=0; jobified=0
Direct3D:
    Version:  Direct3D 11.0 [level 11.1]
    Renderer: NVIDIA GeForce GTX 1650 (ID=0x1f82)
    Vendor:   NVIDIA
    VRAM:     3962 MB
    Driver:   27.21.14.5671
Initialize mono
Mono path[0] = 'C:/Program Files/Unity/Hub/Editor/2021.1.22f1/Editor/Data/Managed'
Mono path[1] = 'C:/Program Files/Unity/Hub/Editor/2021.1.22f1/Editor/Data/MonoBleedingEdge/lib/mono/unityjit'
Mono config path = 'C:/Program Files/Unity/Hub/Editor/2021.1.22f1/Editor/Data/MonoBleedingEdge/etc'
Using monoOptions --debugger-agent=transport=dt_socket,embedding=1,server=y,suspend=n,address=127.0.0.1:56768
Begin MonoManager ReloadAssembly
Registering precompiled unity dll's ...
Register platform support module: C:/Program Files/Unity/Hub/Editor/2021.1.22f1/Editor/Data/PlaybackEngines/WindowsStandaloneSupport/UnityEditor.WindowsStandalone.Extensions.dll
Registered in 0.003029 seconds.
Native extension for WindowsStandalone target not found
Refreshing native plugins compatible for Editor in 62.26 ms, found 2 plugins.
Preloading 0 native plugins for Editor in 0.00 ms.
Mono: successfully reloaded assembly
- Completed reload, in  3.467 seconds
Domain Reload Profiling:
	ReloadAssembly (3468ms)
		BeginReloadAssembly (82ms)
			ExecutionOrderSort (0ms)
			DisableScriptedObjects (0ms)
			BackupInstance (0ms)
			ReleaseScriptingObjects (0ms)
			CreateAndSetChildDomain (1ms)
		EndReloadAssembly (1052ms)
			LoadAssemblies (80ms)
			RebuildTransferFunctionScriptingTraits (0ms)
			SetupTypeCache (367ms)
			ReleaseScriptCaches (0ms)
			RebuildScriptCaches (34ms)
			SetupLoadedEditorAssemblies (548ms)
				LogAssemblyErrors (0ms)
				InitializePlatformSupportModulesInManaged (12ms)
				SetLoadedEditorAssemblies (0ms)
				RefreshPlugins (62ms)
				BeforeProcessingInitializeOnLoad (3ms)
				ProcessInitializeOnLoadAttributes (345ms)
				ProcessInitializeOnLoadMethodAttributes (125ms)
				AfterProcessingInitializeOnLoad (0ms)
				EditorAssembliesLoaded (0ms)
			ExecutionOrderSort2 (0ms)
			AwakeInstancesAfterBackupRestoration (0ms)
Platform modules already initialized, skipping
Registering precompiled user dll's ...
Registered in 0.006723 seconds.
Begin MonoManager ReloadAssembly
Native extension for WindowsStandalone target not found
Refreshing native plugins compatible for Editor in 1.80 ms, found 2 plugins.
Preloading 0 native plugins for Editor in 0.00 ms.
Mono: successfully reloaded assembly
- Completed reload, in  1.430 seconds
Domain Reload Profiling:
	ReloadAssembly (1431ms)
		BeginReloadAssembly (259ms)
			ExecutionOrderSort (0ms)
			DisableScriptedObjects (5ms)
			BackupInstance (0ms)
			ReleaseScriptingObjects (0ms)
			CreateAndSetChildDomain (40ms)
		EndReloadAssembly (1102ms)
			LoadAssemblies (162ms)
			RebuildTransferFunctionScriptingTraits (0ms)
			SetupTypeCache (417ms)
			ReleaseScriptCaches (1ms)
			RebuildScriptCaches (45ms)
			SetupLoadedEditorAssemblies (384ms)
				LogAssemblyErrors (0ms)
				InitializePlatformSupportModulesInManaged (24ms)
				SetLoadedEditorAssemblies (2ms)
				RefreshPlugins (2ms)
				BeforeProcessingInitializeOnLoad (105ms)
				ProcessInitializeOnLoadAttributes (234ms)
				ProcessInitializeOnLoadMethodAttributes (5ms)
				AfterProcessingInitializeOnLoad (11ms)
				EditorAssembliesLoaded (0ms)
			ExecutionOrderSort2 (0ms)
			AwakeInstancesAfterBackupRestoration (7ms)
Platform modules already initialized, skipping
========================================================================
Worker process is ready to serve import requests
Launched and connected shader compiler UnityShaderCompiler.exe after 0.10 seconds
Refreshing native plugins compatible for Editor in 0.34 ms, found 2 plugins.
Preloading 0 native plugins for Editor in 0.00 ms.
Unloading 1464 Unused Serialized files (Serialized files now loaded: 0)
System memory in use before: 83.6 MB.
System memory in use after: 83.6 MB.

Unloading 16 unused Assets to reduce memory usage. Loaded Objects now: 1935.
Total: 3.216400 ms (FindLiveObjects: 0.141000 ms CreateObjectMapping: 0.092800 ms MarkObjects: 2.864700 ms  DeleteObjects: 0.117100 ms)

AssetImportParameters requested are different than current active one (requested -> active):
  custom:framework-win-MediaFoundation: 216162199b28c13a410421893ffa2e32 -> 
  custom:video-decoder-ogg-theora: a1e56fd34408186e4bbccfd4996cb3dc -> 
  custom:container-muxer-webm: aa71ff27fc2769a1b78a27578f13a17b -> 
  custom:container-demuxer-webm: 4f35f7cbe854078d1ac9338744f61a02 -> 
  custom:container-demuxer-ogg: 62fdf1f143b41e24485cea50d1cbac27 -> 
  custom:video-encoder-webm-vp8: eb34c28f22e8b96e1ab97ce403110664 -> 
  custom:video-decoder-webm-vp8: 9c59270c3fd7afecdb556c50c9e8de78 -> 
  custom:audio-decoder-ogg-vorbis: bf7c407c2cedff20999df2af8eb42d56 -> 
  custom:audio-encoder-webm-vorbis: bf7c407c2cedff20999df2af8eb42d56 -> 
========================================================================
Received Import Request.
  path: Assets/M_CharacterModel/Mian_Character_ABO/Animation/Idle/Idle.fbx
  artifactKey: Guid(2be57c9e736a4b648ba6fa7bb518ca71) Importer(815301076,1909f56bfc062723c751e8b465ee728b)
Start importing Assets/M_CharacterModel/Mian_Character_ABO/Animation/Idle/Idle.fbx using Guid(2be57c9e736a4b648ba6fa7bb518ca71) Importer(815301076,1909f56bfc062723c751e8b465ee728b)  -> (artifact id: '2799ef3527644b99d9ba340012c0d56c') in 0.049043 seconds 
========================================================================
Received Import Request.
  Time since last request: 0.000403 seconds.
  path: Assets/M_CharacterModel/Mian_Character_ABO/Animation/Jump/Jumping Down.fbx
  artifactKey: Guid(42fa544afa37a7f4685333530197615e) Importer(815301076,1909f56bfc062723c751e8b465ee728b)
Start importing Assets/M_CharacterModel/Mian_Character_ABO/Animation/Jump/Jumping Down.fbx using Guid(42fa544afa37a7f4685333530197615e) Importer(815301076,1909f56bfc062723c751e8b465ee728b)  -> (artifact id: 'c0980085526fd04d937aa4820ff1f737') in 0.006450 seconds 
========================================================================
Received Import Request.
  Time since last request: 0.000240 seconds.
  path: Assets/M_CharacterModel/Mian_Character_ABO/Animation/Jump/Jumping Up (1).fbx
  artifactKey: Guid(570acec4be3e20344afa0559ed0884b9) Importer(815301076,1909f56bfc062723c751e8b465ee728b)
Start importing Assets/M_CharacterModel/Mian_Character_ABO/Animation/Jump/Jumping Up (1).fbx using Guid(570acec4be3e20344afa0559ed0884b9) Importer(815301076,1909f56bfc062723c751e8b465ee728b)  -> (artifact id: '86883774f993e2b7895c5e58c34b4813') in 0.006825 seconds 
========================================================================
Received Import Request.
  Time since last request: 16.342810 seconds.
  path: Assets/M_CharacterModel/Mian_Character_ABO/Animation/Axie Animation
  artifactKey: Guid(de1d48f048609b146a078a38a9c04dee) Importer(815301076,1909f56bfc062723c751e8b465ee728b)
Start importing Assets/M_CharacterModel/Mian_Character_ABO/Animation/Axie Animation using Guid(de1d48f048609b146a078a38a9c04dee) Importer(815301076,1909f56bfc062723c751e8b465ee728b)  -> (artifact id: 'e7452af7c33d62d0614b6d3dc743a940') in 0.004059 seconds 
========================================================================
Received Import Request.
  Time since last request: 11.103830 seconds.
  path: Assets/M_CharacterModel/Mian_Character_ABO/Animation/noma animation
  artifactKey: Guid(91381a7c43678f54aaf44b0f7dc7979d) Importer(815301076,1909f56bfc062723c751e8b465ee728b)
Start importing Assets/M_CharacterModel/Mian_Character_ABO/Animation/noma animation using Guid(91381a7c43678f54aaf44b0f7dc7979d) Importer(815301076,1909f56bfc062723c751e8b465ee728b)  -> (artifact id: '69b5219c932828d8782cd85d1ed001f8') in 0.004335 seconds 
========================================================================
Received Import Request.
  Time since last request: 4.388330 seconds.
  path: Assets/M_CharacterModel/Mian_Character_ABO/Animation/RestAnimation
  artifactKey: Guid(fee549de0e69289468d8912df1b6e4c5) Importer(815301076,1909f56bfc062723c751e8b465ee728b)
Start importing Assets/M_CharacterModel/Mian_Character_ABO/Animation/RestAnimation using Guid(fee549de0e69289468d8912df1b6e4c5) Importer(815301076,1909f56bfc062723c751e8b465ee728b)  -> (artifact id: '5032d7170dd53bc6c68132107c920071') in 0.003815 seconds 
========================================================================
Received Import Request.
  Time since last request: 22.662030 seconds.
  path: Assets/M_CharacterModel/Mian_Character_ABO/Animation/Axie Animation/axe idel.fbx
  artifactKey: Guid(e76d647998c355843846bf404d5ccb8d) Importer(815301076,1909f56bfc062723c751e8b465ee728b)
Start importing Assets/M_CharacterModel/Mian_Character_ABO/Animation/Axie Animation/axe idel.fbx using Guid(e76d647998c355843846bf404d5ccb8d) Importer(815301076,1909f56bfc062723c751e8b465ee728b)  -> (artifact id: '67cf41193d801a1af9c419f0dbc04a53') in 0.009863 seconds 
========================================================================
Received Import Request.
  Time since last request: 8.979767 seconds.
  path: Assets/M_CharacterModel/Mian_Character_ABO/Animation/Axie Animation/axe walk.fbx
  artifactKey: Guid(f263d16f8d825174891eaf96b4e3d752) Importer(815301076,1909f56bfc062723c751e8b465ee728b)
Start importing Assets/M_CharacterModel/Mian_Character_ABO/Animation/Axie Animation/axe walk.fbx using Guid(f263d16f8d825174891eaf96b4e3d752) Importer(815301076,1909f56bfc062723c751e8b465ee728b)  -> (artifact id: '8d2b4ff28ff24a0d9e71597277e31756') in 0.008514 seconds 
========================================================================
Received Import Request.
  Time since last request: 9.150890 seconds.
  path: Assets/M_CharacterModel/Mian_Character_ABO/Animation/Axie Animation/axe run.fbx
  artifactKey: Guid(537294f94b1d270458ed75c18d286dd1) Importer(815301076,1909f56bfc062723c751e8b465ee728b)
Start importing Assets/M_CharacterModel/Mian_Character_ABO/Animation/Axie Animation/axe run.fbx using Guid(537294f94b1d270458ed75c18d286dd1) Importer(815301076,1909f56bfc062723c751e8b465ee728b)  -> (artifact id: '1a306ab6532b4e3dd0bf074f90875696') in 0.007465 seconds 
========================================================================
Received Import Request.
  Time since last request: 9.815492 seconds.
  path: Assets/M_CharacterModel/Mian_Character_ABO/Animation/Axie Animation/axe jump.fbx
  artifactKey: Guid(fdc3de3cd6545b349b2005cdc1e57ae5) Importer(815301076,1909f56bfc062723c751e8b465ee728b)
Start importing Assets/M_CharacterModel/Mian_Character_ABO/Animation/Axie Animation/axe jump.fbx using Guid(fdc3de3cd6545b349b2005cdc1e57ae5) Importer(815301076,1909f56bfc062723c751e8b465ee728b)  -> (artifact id: 'ddea08ca1c77f2183e182f55cb386934') in 0.007536 seconds 
========================================================================
Received Import Request.
  Time since last request: 62.189265 seconds.
  path: Assets/M_CharacterModel/Mian_Character_ABO/Animation/Axie Animation/axe attack.fbx
  artifactKey: Guid(5f6ab87dbd831774e9b048dcb1f28e98) Importer(815301076,1909f56bfc062723c751e8b465ee728b)
Start importing Assets/M_CharacterModel/Mian_Character_ABO/Animation/Axie Animation/axe attack.fbx using Guid(5f6ab87dbd831774e9b048dcb1f28e98) Importer(815301076,1909f56bfc062723c751e8b465ee728b)  -> (artifact id: 'db0e6ab729c094786ffb86bb455229eb') in 0.007777 seconds 
========================================================================
Received Import Request.
  Time since last request: 30.677433 seconds.
  path: Assets/M_CharacterModel/Mian_Character_ABO/Animation/Axie Animation/axe attack.fbx
  artifactKey: Guid(5f6ab87dbd831774e9b048dcb1f28e98) Importer(815301076,1909f56bfc062723c751e8b465ee728b)
Start importing Assets/M_CharacterModel/Mian_Character_ABO/Animation/Axie Animation/axe attack.fbx using Guid(5f6ab87dbd831774e9b048dcb1f28e98) Importer(815301076,1909f56bfc062723c751e8b465ee728b)  -> (artifact id: 'b151db9d41f1dbd66726f7e88f051048') in 0.008037 seconds 
========================================================================
Received Import Request.
  Time since last request: 10.474966 seconds.
  path: Assets/M_CharacterModel/Mian_Character_ABO/Animation/Axie Animation/axe idel.fbx
  artifactKey: Guid(e76d647998c355843846bf404d5ccb8d) Importer(815301076,1909f56bfc062723c751e8b465ee728b)
Start importing Assets/M_CharacterModel/Mian_Character_ABO/Animation/Axie Animation/axe idel.fbx using Guid(e76d647998c355843846bf404d5ccb8d) Importer(815301076,1909f56bfc062723c751e8b465ee728b)  -> (artifact id: 'f7bed470578cae40077fd27534f5fa3a') in 0.008882 seconds 
========================================================================
Received Import Request.
  Time since last request: 10.074160 seconds.
  path: Assets/M_CharacterModel/Mian_Character_ABO/Animation/Axie Animation/axe jump.fbx
  artifactKey: Guid(fdc3de3cd6545b349b2005cdc1e57ae5) Importer(815301076,1909f56bfc062723c751e8b465ee728b)
Start importing Assets/M_CharacterModel/Mian_Character_ABO/Animation/Axie Animation/axe jump.fbx using Guid(fdc3de3cd6545b349b2005cdc1e57ae5) Importer(815301076,1909f56bfc062723c751e8b465ee728b)  -> (artifact id: 'ae7d75759bee6292fda1df9306f3f536') in 0.007574 seconds 
========================================================================
Received Import Request.
  Time since last request: 8.935785 seconds.
  path: Assets/M_CharacterModel/Mian_Character_ABO/Animation/Axie Animation/axe run.fbx
  artifactKey: Guid(537294f94b1d270458ed75c18d286dd1) Importer(815301076,1909f56bfc062723c751e8b465ee728b)
Start importing Assets/M_CharacterModel/Mian_Character_ABO/Animation/Axie Animation/axe run.fbx using Guid(537294f94b1d270458ed75c18d286dd1) Importer(815301076,1909f56bfc062723c751e8b465ee728b)  -> (artifact id: 'bcddc4f0664beaea951ab682ed2135fb') in 0.007770 seconds 
========================================================================
Received Import Request.
  Time since last request: 9.168381 seconds.
  path: Assets/M_CharacterModel/Mian_Character_ABO/Animation/Axie Animation/axe walk.fbx
  artifactKey: Guid(f263d16f8d825174891eaf96b4e3d752) Importer(815301076,1909f56bfc062723c751e8b465ee728b)
Start importing Assets/M_CharacterModel/Mian_Character_ABO/Animation/Axie Animation/axe walk.fbx using Guid(f263d16f8d825174891eaf96b4e3d752) Importer(815301076,1909f56bfc062723c751e8b465ee728b)  -> (artifact id: 'e69eb568581c359ae75135b956eb6530') in 0.007252 seconds 
========================================================================
Received Import Request.
  Time since last request: 23.780113 seconds.
  path: Assets/M_CharacterModel/Mian_Character_ABO/Animation/Axie Animation/axe idel.fbx
  artifactKey: Guid(e76d647998c355843846bf404d5ccb8d) Importer(815301076,1909f56bfc062723c751e8b465ee728b)
Start importing Assets/M_CharacterModel/Mian_Character_ABO/Animation/Axie Animation/axe idel.fbx using Guid(e76d647998c355843846bf404d5ccb8d) Importer(815301076,1909f56bfc062723c751e8b465ee728b)  -> (artifact id: '0140d775f64b3e4a90a9a545792f79a0') in 0.016978 seconds 
========================================================================
Received Import Request.
  Time since last request: 10.710141 seconds.
  path: Assets/M_CharacterModel/Mian_Character_ABO/Animation/Axie Animation/axe run.fbx
  artifactKey: Guid(537294f94b1d270458ed75c18d286dd1) Importer(815301076,1909f56bfc062723c751e8b465ee728b)
Start importing Assets/M_CharacterModel/Mian_Character_ABO/Animation/Axie Animation/axe run.fbx using Guid(537294f94b1d270458ed75c18d286dd1) Importer(815301076,1909f56bfc062723c751e8b465ee728b)  -> (artifact id: '5fd91080ac1f321b5587b4c2298e13a3') in 0.014348 seconds 
========================================================================
Received Import Request.
  Time since last request: 15.407326 seconds.
  path: Assets/M_CharacterModel/Mian_Character_ABO/Animation/Axie Animation/axe walk.fbx
  artifactKey: Guid(f263d16f8d825174891eaf96b4e3d752) Importer(815301076,1909f56bfc062723c751e8b465ee728b)
Start importing Assets/M_CharacterModel/Mian_Character_ABO/Animation/Axie Animation/axe walk.fbx using Guid(f263d16f8d825174891eaf96b4e3d752) Importer(815301076,1909f56bfc062723c751e8b465ee728b)  -> (artifact id: '416f858eb803abe72f678bcc76246d05') in 0.011444 seconds 
========================================================================
Received Prepare
Registering precompiled user dll's ...
Registered in 0.003396 seconds.
Begin MonoManager ReloadAssembly
Native extension for WindowsStandalone target not found
Refreshing native plugins compatible for Editor in 0.46 ms, found 2 plugins.
Preloading 0 native plugins for Editor in 0.00 ms.
Mono: successfully reloaded assembly
- Completed reload, in  1.730 seconds
Domain Reload Profiling:
	ReloadAssembly (1730ms)
		BeginReloadAssembly (220ms)
			ExecutionOrderSort (0ms)
			DisableScriptedObjects (5ms)
			BackupInstance (0ms)
			ReleaseScriptingObjects (0ms)
			CreateAndSetChildDomain (69ms)
		EndReloadAssembly (1390ms)
			LoadAssemblies (138ms)
			RebuildTransferFunctionScriptingTraits (0ms)
			SetupTypeCache (521ms)
			ReleaseScriptCaches (1ms)
			RebuildScriptCaches (52ms)
			SetupLoadedEditorAssemblies (541ms)
				LogAssemblyErrors (0ms)
				InitializePlatformSupportModulesInManaged (8ms)
				SetLoadedEditorAssemblies (1ms)
				RefreshPlugins (1ms)
				BeforeProcessingInitializeOnLoad (82ms)
				ProcessInitializeOnLoadAttributes (434ms)
				ProcessInitializeOnLoadMethodAttributes (4ms)
				AfterProcessingInitializeOnLoad (11ms)
				EditorAssembliesLoaded (0ms)
			ExecutionOrderSort2 (0ms)
			AwakeInstancesAfterBackupRestoration (7ms)
Platform modules already initialized, skipping
Refreshing native plugins compatible for Editor in 0.44 ms, found 2 plugins.
Preloading 0 native plugins for Editor in 0.00 ms.
Unloading 1448 Unused Serialized files (Serialized files now loaded: 0)
System memory in use before: 82.8 MB.
System memory in use after: 82.9 MB.

Unloading 11 unused Assets to reduce memory usage. Loaded Objects now: 1937.
Total: 4.279800 ms (FindLiveObjects: 0.212100 ms CreateObjectMapping: 0.124900 ms MarkObjects: 3.918400 ms  DeleteObjects: 0.023000 ms)

AssetImportParameters requested are different than current active one (requested -> active):
  custom:framework-win-MediaFoundation: 216162199b28c13a410421893ffa2e32 -> 
  custom:video-decoder-ogg-theora: a1e56fd34408186e4bbccfd4996cb3dc -> 
  custom:container-muxer-webm: aa71ff27fc2769a1b78a27578f13a17b -> 
  custom:container-demuxer-webm: 4f35f7cbe854078d1ac9338744f61a02 -> 
  custom:container-demuxer-ogg: 62fdf1f143b41e24485cea50d1cbac27 -> 
  custom:video-encoder-webm-vp8: eb34c28f22e8b96e1ab97ce403110664 -> 
  custom:video-decoder-webm-vp8: 9c59270c3fd7afecdb556c50c9e8de78 -> 
  custom:audio-decoder-ogg-vorbis: bf7c407c2cedff20999df2af8eb42d56 -> 
  custom:audio-encoder-webm-vorbis: bf7c407c2cedff20999df2af8eb42d56 -> 
AssetImportWorkerClient::OnTransportError - code=2 error=End of file
